This file contains any messages produced by compilers while
running configure, to aid debugging if configure makes a mistake.

It was created by configure, which was
generated by GNU Autoconf 2.69.  Invocation command line was

  $ ./configure 

## --------- ##
## Platform. ##
## --------- ##

hostname = DESKTOP-9QSIHE9
uname -m = x86_64
uname -r = 3.0.7(0.338/5/3)
uname -s = CYGWIN_NT-10.0
uname -v = 2019-04-30 18:08

/usr/bin/uname -p = unknown
/bin/uname -X     = unknown

/bin/arch              = x86_64
/usr/bin/arch -k       = unknown
/usr/convex/getsysinfo = unknown
/usr/bin/hostinfo      = unknown
/bin/machine           = unknown
/usr/bin/oslevel       = unknown
/bin/universe          = unknown

PATH: /usr/local/bin
PATH: /usr/bin
PATH: /cygdrive/c/Program Files (x86)/Intel/iCLS Client
PATH: /cygdrive/c/Program Files/Intel/iCLS Client
PATH: /cygdrive/c/WINDOWS/system32
PATH: /cygdrive/c/WINDOWS
PATH: /cygdrive/c/WINDOWS/System32/Wbem
PATH: /cygdrive/c/WINDOWS/System32/WindowsPowerShell/v1.0
PATH: /cygdrive/c/Program Files/Intel/Intel(R) Management Engine Components/DAL
PATH: /cygdrive/c/Program Files (x86)/Intel/Intel(R) Management Engine Components/DAL
PATH: /cygdrive/c/Program Files/Intel/Intel(R) Management Engine Components/IPT
PATH: /cygdrive/c/Program Files (x86)/Intel/Intel(R) Management Engine Components/IPT
PATH: /cygdrive/c/Program Files (x86)/NVIDIA Corporation/PhysX/Common
PATH: /cygdrive/c/WINDOWS/system32
PATH: /cygdrive/c/WINDOWS
PATH: /cygdrive/c/WINDOWS/System32/Wbem
PATH: /cygdrive/c/WINDOWS/System32/WindowsPowerShell/v1.0
PATH: /cygdrive/c/WINDOWS/System32/OpenSSH
PATH: /cygdrive/c/Program Files/Git/cmd
PATH: /cygdrive/c/Users/Lucas/AppData/Local/Microsoft/WindowsApps


## ----------- ##
## Core tests. ##
## ----------- ##

configure:2442: checking build system type
configure:2456: result: x86_64-unknown-cygwin
configure:2476: checking host system type
configure:2489: result: x86_64-unknown-cygwin
configure:2560: checking for gcc
configure:2576: found /usr/bin/gcc
configure:2587: result: gcc
configure:2816: checking for C compiler version
configure:2825: gcc --version >&5
gcc (GCC) 7.4.0
Copyright (C) 2017 Free Software Foundation, Inc.
This is free software; see the source for copying conditions.  There is NO
warranty; not even for MERCHANTABILITY or FITNESS FOR A PARTICULAR PURPOSE.

configure:2836: $? = 0
configure:2825: gcc -v >&5
Using built-in specs.
COLLECT_GCC=gcc
COLLECT_LTO_WRAPPER=/usr/lib/gcc/x86_64-pc-cygwin/7.4.0/lto-wrapper.exe
Target: x86_64-pc-cygwin
Configured with: /cygdrive/i/szsz/tmpp/gcc/gcc-7.4.0-1.x86_64/src/gcc-7.4.0/configure --srcdir=/cygdrive/i/szsz/tmpp/gcc/gcc-7.4.0-1.x86_64/src/gcc-7.4.0 --prefix=/usr --exec-prefix=/usr --localstatedir=/var --sysconfdir=/etc --docdir=/usr/share/doc/gcc --htmldir=/usr/share/doc/gcc/html -C --build=x86_64-pc-cygwin --host=x86_64-pc-cygwin --target=x86_64-pc-cygwin --without-libiconv-prefix --without-libintl-prefix --libexecdir=/usr/lib --enable-shared --enable-shared-libgcc --enable-static --enable-version-specific-runtime-libs --enable-bootstrap --enable-__cxa_atexit --with-dwarf2 --with-tune=generic --enable-languages=ada,c,c++,fortran,lto,objc,obj-c++ --enable-graphite --enable-threads=posix --enable-libatomic --enable-libcilkrts --enable-libgomp --enable-libitm --enable-libquadmath --enable-libquadmath-support --disable-libssp --enable-libada --disable-symvers --with-gnu-ld --with-gnu-as --with-cloog-include=/usr/include/cloog-isl --without-libiconv-prefix --without-libintl-prefix --with-system-zlib --enable-linker-build-id --with-default-libstdcxx-abi=gcc4-compatible --enable-libstdcxx-filesystem-ts
Thread model: posix
gcc version 7.4.0 (GCC) 
configure:2836: $? = 0
configure:2825: gcc -V >&5
gcc: error: unrecognized command line option '-V'
gcc: fatal error: no input files
compilation terminated.
configure:2836: $? = 1
configure:2825: gcc -qversion >&5
gcc: error: unrecognized command line option '-qversion'; did you mean '--version'?
gcc: fatal error: no input files
compilation terminated.
configure:2836: $? = 1
configure:2856: checking whether the C compiler works
configure:2878: gcc    conftest.c  >&5
configure:2882: $? = 0
configure:2930: result: yes
configure:2933: checking for C compiler default output file name
configure:2935: result: a.exe
configure:2941: checking for suffix of executables
configure:2948: gcc -o conftest.exe    conftest.c  >&5
configure:2952: $? = 0
configure:2974: result: .exe
configure:2996: checking whether we are cross compiling
configure:3004: gcc -o conftest.exe    conftest.c  >&5
configure:3008: $? = 0
configure:3015: ./conftest.exe
configure:3019: $? = 0
configure:3034: result: no
configure:3039: checking for suffix of object files
configure:3061: gcc -c   conftest.c >&5
configure:3065: $? = 0
configure:3086: result: o
configure:3090: checking whether we are using the GNU C compiler
configure:3109: gcc -c   conftest.c >&5
configure:3109: $? = 0
configure:3118: result: yes
configure:3127: checking whether gcc accepts -g
configure:3147: gcc -c -g  conftest.c >&5
configure:3147: $? = 0
configure:3188: result: yes
configure:3205: checking for gcc option to accept ISO C89
configure:3268: gcc  -c -g -O2  conftest.c >&5
configure:3268: $? = 0
configure:3281: result: none needed
configure:3306: checking whether gcc understands -c and -o together
configure:3328: gcc -c conftest.c -o conftest2.o
configure:3331: $? = 0
configure:3328: gcc -c conftest.c -o conftest2.o
configure:3331: $? = 0
configure:3343: result: yes
configure:3360: checking for a sed that does not truncate output
configure:3424: result: /usr/bin/sed
configure:3442: checking for grep that handles long lines and -e
configure:3500: result: /usr/bin/grep
configure:3505: checking for egrep
configure:3567: result: /usr/bin/grep -E
configure:3572: checking for fgrep
configure:3634: result: /usr/bin/grep -F
configure:3669: checking for ld used by gcc
configure:3736: result: /usr/x86_64-pc-cygwin/bin/ld.exe
configure:3743: checking if the linker (/usr/x86_64-pc-cygwin/bin/ld.exe) is GNU ld
configure:3758: result: yes
configure:3770: checking for BSD- or MS-compatible name lister (nm)
configure:3819: result: /usr/bin/nm -B
configure:3937: checking the name lister (/usr/bin/nm -B) interface
configure:3944: gcc -c -g -O2  conftest.c >&5
configure:3947: /usr/bin/nm -B "conftest.o"
configure:3950: output
0000000000000000 b .bss
0000000000000000 d .data
0000000000000000 N .debug_abbrev
0000000000000000 N .debug_aranges
0000000000000000 N .debug_info
0000000000000000 N .debug_line
0000000000000000 r .rdata$zzz
0000000000000000 t .text
0000000000000000 B some_variable
configure:3957: result: BSD nm
configure:3960: checking whether ln -s works
configure:3964: result: yes
configure:3972: checking the maximum length of command line arguments
configure:4098: result: 8192
configure:4115: checking whether the shell understands some XSI constructs
configure:4125: result: yes
configure:4129: checking whether the shell understands "+="
configure:4135: result: yes
configure:4170: checking for /usr/x86_64-pc-cygwin/bin/ld.exe option to reload object files
configure:4177: result: -r
configure:4246: checking for objdump
configure:4262: found /usr/bin/objdump
configure:4273: result: objdump
configure:4302: checking how to recognize dependent libraries
configure:4500: result: pass_all
configure:4560: checking for ar
configure:4576: found /usr/bin/ar
configure:4587: result: ar
configure:4665: checking for strip
configure:4681: found /usr/bin/strip
configure:4692: result: strip
configure:4764: checking for ranlib
configure:4780: found /usr/bin/ranlib
configure:4791: result: ranlib
configure:4881: checking command to parse /usr/bin/nm -B output from gcc object
configure:4999: gcc -c -g -O2  conftest.c >&5
configure:5002: $? = 0
configure:5006: /usr/bin/nm -B conftest.o \| sed -n -e 's/^.*[	 ]\([ABCDGIRSTW][ABCDGIRSTW]*\)[	 ][	 ]*\([_A-Za-z][_A-Za-z0-9]*\)$/\1 \2 \2/p' \> conftest.nm
configure:5009: $? = 0
configure:5063: gcc -o conftest.exe -g -O2   conftest.c conftstm.o >&5
configure:5066: $? = 0
configure:5104: result: ok
configure:5916: checking how to run the C preprocessor
configure:5947: gcc -E  conftest.c
configure:5947: $? = 0
configure:5961: gcc -E  conftest.c
conftest.c:9:10: fatal error: ac_nonexistent.h: No such file or directory
 #include <ac_nonexistent.h>
          ^~~~~~~~~~~~~~~~~~
compilation terminated.
configure:5961: $? = 1
configure: failed program was:
| /* confdefs.h */
| #define PACKAGE_NAME ""
| #define PACKAGE_TARNAME ""
| #define PACKAGE_VERSION ""
| #define PACKAGE_STRING ""
| #define PACKAGE_BUGREPORT ""
| #define PACKAGE_URL ""
| /* end confdefs.h.  */
| #include <ac_nonexistent.h>
configure:5986: result: gcc -E
configure:6006: gcc -E  conftest.c
configure:6006: $? = 0
configure:6020: gcc -E  conftest.c
conftest.c:9:10: fatal error: ac_nonexistent.h: No such file or directory
 #include <ac_nonexistent.h>
          ^~~~~~~~~~~~~~~~~~
compilation terminated.
configure:6020: $? = 1
configure: failed program was:
| /* confdefs.h */
| #define PACKAGE_NAME ""
| #define PACKAGE_TARNAME ""
| #define PACKAGE_VERSION ""
| #define PACKAGE_STRING ""
| #define PACKAGE_BUGREPORT ""
| #define PACKAGE_URL ""
| /* end confdefs.h.  */
| #include <ac_nonexistent.h>
configure:6049: checking for ANSI C header files
configure:6069: gcc -c -g -O2  conftest.c >&5
configure:6069: $? = 0
configure:6142: gcc -o conftest.exe -g -O2   conftest.c  >&5
configure:6142: $? = 0
configure:6142: ./conftest.exe
configure:6142: $? = 0
configure:6153: result: yes
configure:6166: checking for sys/types.h
configure:6166: gcc -c -g -O2  conftest.c >&5
configure:6166: $? = 0
configure:6166: result: yes
configure:6166: checking for sys/stat.h
configure:6166: gcc -c -g -O2  conftest.c >&5
configure:6166: $? = 0
configure:6166: result: yes
configure:6166: checking for stdlib.h
configure:6166: gcc -c -g -O2  conftest.c >&5
configure:6166: $? = 0
configure:6166: result: yes
configure:6166: checking for string.h
configure:6166: gcc -c -g -O2  conftest.c >&5
configure:6166: $? = 0
configure:6166: result: yes
configure:6166: checking for memory.h
configure:6166: gcc -c -g -O2  conftest.c >&5
configure:6166: $? = 0
configure:6166: result: yes
configure:6166: checking for strings.h
configure:6166: gcc -c -g -O2  conftest.c >&5
configure:6166: $? = 0
configure:6166: result: yes
configure:6166: checking for inttypes.h
configure:6166: gcc -c -g -O2  conftest.c >&5
configure:6166: $? = 0
configure:6166: result: yes
configure:6166: checking for stdint.h
configure:6166: gcc -c -g -O2  conftest.c >&5
configure:6166: $? = 0
configure:6166: result: yes
configure:6166: checking for unistd.h
configure:6166: gcc -c -g -O2  conftest.c >&5
configure:6166: $? = 0
configure:6166: result: yes
configure:6180: checking for dlfcn.h
configure:6180: gcc -c -g -O2  conftest.c >&5
configure:6180: $? = 0
configure:6180: result: yes
configure:6241: checking for as
configure:6257: found /usr/bin/as
configure:6268: result: as
configure:6333: checking for dlltool
configure:6349: found /usr/bin/dlltool
configure:6360: result: dlltool
configure:6425: checking for objdump
configure:6452: result: objdump
configure:6662: checking for objdir
configure:6677: result: .libs
configure:6973: checking if gcc supports -fno-rtti -fno-exceptions
configure:6991: gcc -c -g -O2  -fno-rtti -fno-exceptions conftest.c >&5
cc1: warning: command line option '-fno-rtti' is valid for C++/ObjC++ but not for C
configure:6995: $? = 0
configure:7008: result: no
configure:7028: checking for gcc option to produce PIC
configure:7300: result: -DDLL_EXPORT -DPIC
configure:7312: checking if gcc PIC flag -DDLL_EXPORT -DPIC works
configure:7330: gcc -c -g -O2  -DDLL_EXPORT -DPIC -DPIC conftest.c >&5
configure:7334: $? = 0
configure:7347: result: yes
configure:7371: checking if gcc static flag -static works
configure:7399: result: yes
configure:7414: checking if gcc supports -c -o file.o
configure:7435: gcc -c -g -O2  -o out/conftest2.o conftest.c >&5
configure:7439: $? = 0
configure:7461: result: yes
configure:7469: checking if gcc supports -c -o file.o
configure:7516: result: yes
configure:7549: checking whether the gcc linker (/usr/x86_64-pc-cygwin/bin/ld.exe) supports shared libraries
configure:8535: result: yes
configure:8572: checking whether -lc should be explicitly linked in
configure:8577: gcc -c -g -O2  conftest.c >&5
configure:8580: $? = 0
configure:8595: gcc -shared conftest.o  -v -o ./conftest -Wl,--enable-auto-image-base -Xlinker --out-implib -Xlinker conftest 2\>\&1 \| /usr/bin/grep  -lc  \>/dev/null 2\>\&1
configure:8598: $? = 1
configure:8610: result: yes
configure:8774: checking dynamic linker characteristics
configure:9427: result: Win32 ld.exe
configure:9529: checking how to hardcode library paths into programs
configure:9554: result: immediate
configure:10074: checking whether stripping libraries is possible
configure:10079: result: yes
configure:10114: checking if libtool supports shared libraries
configure:10116: result: yes
configure:10119: checking whether to build shared libraries
configure:10140: result: yes
configure:10143: checking whether to build static libraries
configure:10147: result: yes
configure:10211: checking for a BSD-compatible install
configure:10279: result: /usr/bin/install -c
configure:10290: checking whether build environment is sane
configure:10345: result: yes
configure:10493: checking for a thread-safe mkdir -p
configure:10532: result: /usr/bin/mkdir -p
configure:10539: checking for gawk
configure:10555: found /usr/bin/gawk
configure:10566: result: gawk
configure:10577: checking whether make sets $(MAKE)
configure:10599: result: yes
configure:10621: checking whether make supports the include directive
configure:10636: make -f confmf.GNU && cat confinc.out
this is the am__doit target
configure:10639: $? = 0
configure:10658: result: yes (GNU style)
configure:10691: checking whether make supports nested variables
configure:10708: result: yes
configure:10794: checking dependency style of gcc
configure:10905: result: gcc3
configure:11013: checking for gcc
configure:11040: result: gcc
configure:11269: checking for C compiler version
configure:11278: gcc --version >&5
gcc (GCC) 7.4.0
Copyright (C) 2017 Free Software Foundation, Inc.
This is free software; see the source for copying conditions.  There is NO
warranty; not even for MERCHANTABILITY or FITNESS FOR A PARTICULAR PURPOSE.

configure:11289: $? = 0
configure:11278: gcc -v >&5
Using built-in specs.
COLLECT_GCC=gcc
COLLECT_LTO_WRAPPER=/usr/lib/gcc/x86_64-pc-cygwin/7.4.0/lto-wrapper.exe
Target: x86_64-pc-cygwin
Configured with: /cygdrive/i/szsz/tmpp/gcc/gcc-7.4.0-1.x86_64/src/gcc-7.4.0/configure --srcdir=/cygdrive/i/szsz/tmpp/gcc/gcc-7.4.0-1.x86_64/src/gcc-7.4.0 --prefix=/usr --exec-prefix=/usr --localstatedir=/var --sysconfdir=/etc --docdir=/usr/share/doc/gcc --htmldir=/usr/share/doc/gcc/html -C --build=x86_64-pc-cygwin --host=x86_64-pc-cygwin --target=x86_64-pc-cygwin --without-libiconv-prefix --without-libintl-prefix --libexecdir=/usr/lib --enable-shared --enable-shared-libgcc --enable-static --enable-version-specific-runtime-libs --enable-bootstrap --enable-__cxa_atexit --with-dwarf2 --with-tune=generic --enable-languages=ada,c,c++,fortran,lto,objc,obj-c++ --enable-graphite --enable-threads=posix --enable-libatomic --enable-libcilkrts --enable-libgomp --enable-libitm --enable-libquadmath --enable-libquadmath-support --disable-libssp --enable-libada --disable-symvers --with-gnu-ld --with-gnu-as --with-cloog-include=/usr/include/cloog-isl --without-libiconv-prefix --without-libintl-prefix --with-system-zlib --enable-linker-build-id --with-default-libstdcxx-abi=gcc4-compatible --enable-libstdcxx-filesystem-ts
Thread model: posix
gcc version 7.4.0 (GCC) 
configure:11289: $? = 0
configure:11278: gcc -V >&5
gcc: error: unrecognized command line option '-V'
gcc: fatal error: no input files
compilation terminated.
configure:11289: $? = 1
configure:11278: gcc -qversion >&5
gcc: error: unrecognized command line option '-qversion'; did you mean '--version'?
gcc: fatal error: no input files
compilation terminated.
configure:11289: $? = 1
configure:11293: checking whether we are using the GNU C compiler
configure:11321: result: yes
configure:11330: checking whether gcc accepts -g
configure:11391: result: yes
configure:11408: checking for gcc option to accept ISO C89
configure:11484: result: none needed
configure:11509: checking whether gcc understands -c and -o together
configure:11546: result: yes
configure:11564: checking whether make sets $(MAKE)
configure:11586: result: yes
configure:11604: checking for windres
configure:11620: found /usr/bin/windres
configure:11631: result: windres
configure:11925: checking for pkg-config
configure:11943: found /usr/bin/pkg-config
configure:11955: result: /usr/bin/pkg-config
configure:11980: checking pkg-config is at least version 0.9.0
configure:11983: result: yes
configure:11994: checking for FT2
configure:12002: $PKG_CONFIG --exists --print-errors "freetype2 >= 7.0.1"
configure:12005: $? = 0
configure:12020: $PKG_CONFIG --exists --print-errors "freetype2 >= 7.0.1"
configure:12023: $? = 0
configure:12673: result: yes
configure:12711: checking for SDL
configure:12719: $PKG_CONFIG --exists --print-errors "sdl2 >= $min_sdl_version"
Package sdl2 was not found in the pkg-config search path.
Perhaps you should add the directory containing `sdl2.pc'
to the PKG_CONFIG_PATH environment variable
Package 'sdl2', required by 'virtual:world', not found
configure:12722: $? = 1
configure:12737: $PKG_CONFIG --exists --print-errors "sdl2 >= $min_sdl_version"
Package sdl2 was not found in the pkg-config search path.
Perhaps you should add the directory containing `sdl2.pc'
to the PKG_CONFIG_PATH environment variable
Package 'sdl2', required by 'virtual:world', not found
configure:12740: $? = 1
Package 'sdl2', required by 'virtual:world', not found
configure:12768: result: no
configure:12806: checking for sdl2-config
configure:12824: found /usr/local/bin/sdl2-config
configure:12837: result: /usr/local/bin/sdl2-config
configure:12846: checking for SDL - version >= 2.0.8
configure:12934: gcc -o conftest.exe -g -O2 -I/usr/include/freetype2 -I/usr/include/libpng16  -I/usr/local/include/SDL2 -I/usr/include/mingw -Dmain=SDL_main   conftest.c  -lfreetype  -L/usr/local/lib -lcygwin -lSDL2main -lSDL2 -mwindows >&5
configure:12934: $? = 0
configure:12934: ./conftest.exe
configure:12934: $? = 0
configure:12949: result: yes
configure:13738: checking for OpenGL support
configure:13758: gcc -o conftest.exe -g -O2 -I/usr/include/freetype2 -I/usr/include/libpng16  -I/usr/local/include/SDL2 -I/usr/include/mingw -Dmain=SDL_main   conftest.c  -lfreetype  -L/usr/local/lib -lcygwin -lSDL2main -lSDL2 -mwindows -lopengl32 >&5
configure:13758: $? = 0
configure:13765: result: yes
configure:13926: checking that generated files are newer than configure
configure:13932: result: done
configure:13959: creating ./config.status

## ---------------------- ##
## Running config.status. ##
## ---------------------- ##

This file was extended by config.status, which was
generated by GNU Autoconf 2.69.  Invocation command line was

  CONFIG_FILES    = 
  CONFIG_HEADERS  = 
  CONFIG_LINKS    = 
  CONFIG_COMMANDS = 
  $ ./config.status 

on DESKTOP-9QSIHE9

config.status:1033: creating Makefile
config.status:1033: creating SDL2_ttf.spec
config.status:1033: creating SDL2_ttf.pc
config.status:1205: executing libtool commands
config.status:1205: executing depfiles commands
config.status:1923: cd .       && sed -e '/# am--include-marker/d' Makefile         | make -f - am--depfiles
config.status:1928: $? = 0

## ---------------- ##
## Cache variables. ##
## ---------------- ##

ac_cv_build=x86_64-unknown-cygwin
ac_cv_c_compiler_gnu=yes
ac_cv_env_CC_set=
ac_cv_env_CC_value=
ac_cv_env_CFLAGS_set=
ac_cv_env_CFLAGS_value=
ac_cv_env_CPPFLAGS_set=
ac_cv_env_CPPFLAGS_value=
ac_cv_env_CPP_set=
ac_cv_env_CPP_value=
ac_cv_env_FT2_CFLAGS_set=
ac_cv_env_FT2_CFLAGS_value=
ac_cv_env_FT2_LIBS_set=
ac_cv_env_FT2_LIBS_value=
ac_cv_env_LDFLAGS_set=
ac_cv_env_LDFLAGS_value=
ac_cv_env_LIBS_set=
ac_cv_env_LIBS_value=
ac_cv_env_PKG_CONFIG_set=
ac_cv_env_PKG_CONFIG_value=
ac_cv_env_SDL_CFLAGS_set=
ac_cv_env_SDL_CFLAGS_value=
ac_cv_env_SDL_LIBS_set=
ac_cv_env_SDL_LIBS_value=
ac_cv_env_XMKMF_set=
ac_cv_env_XMKMF_value=
ac_cv_env_build_alias_set=
ac_cv_env_build_alias_value=
ac_cv_env_host_alias_set=
ac_cv_env_host_alias_value=
ac_cv_env_target_alias_set=
ac_cv_env_target_alias_value=
ac_cv_exeext=.exe
ac_cv_header_dlfcn_h=yes
ac_cv_header_inttypes_h=yes
ac_cv_header_memory_h=yes
ac_cv_header_stdc=yes
ac_cv_header_stdint_h=yes
ac_cv_header_stdlib_h=yes
ac_cv_header_string_h=yes
ac_cv_header_strings_h=yes
ac_cv_header_sys_stat_h=yes
ac_cv_header_sys_types_h=yes
ac_cv_header_unistd_h=yes
ac_cv_host=x86_64-unknown-cygwin
ac_cv_objext=o
ac_cv_path_EGREP='/usr/bin/grep -E'
ac_cv_path_FGREP='/usr/bin/grep -F'
ac_cv_path_GREP=/usr/bin/grep
ac_cv_path_SDL2_CONFIG=/usr/local/bin/sdl2-config
ac_cv_path_SED=/usr/bin/sed
ac_cv_path_ac_pt_PKG_CONFIG=/usr/bin/pkg-config
ac_cv_path_install='/usr/bin/install -c'
ac_cv_path_mkdir=/usr/bin/mkdir
ac_cv_prog_AWK=gawk
ac_cv_prog_CPP='gcc -E'
ac_cv_prog_WINDRES=windres
ac_cv_prog_ac_ct_AR=ar
ac_cv_prog_ac_ct_AS=as
ac_cv_prog_ac_ct_CC=gcc
ac_cv_prog_ac_ct_DLLTOOL=dlltool
ac_cv_prog_ac_ct_OBJDUMP=objdump
ac_cv_prog_ac_ct_RANLIB=ranlib
ac_cv_prog_ac_ct_STRIP=strip
ac_cv_prog_cc_c89=
ac_cv_prog_cc_g=yes
ac_cv_prog_make_make_set=yes
am_cv_CC_dependencies_compiler_type=gcc3
am_cv_make_support_nested_variables=yes
am_cv_prog_cc_c_o=yes
lt_cv_deplibs_check_method=pass_all
lt_cv_file_magic_cmd=func_win32_libid
lt_cv_file_magic_test_file=
lt_cv_ld_reload_flag=-r
lt_cv_nm_interface='BSD nm'
lt_cv_objdir=.libs
lt_cv_path_LD=/usr/x86_64-pc-cygwin/bin/ld.exe
lt_cv_path_NM='/usr/bin/nm -B'
lt_cv_prog_compiler_c_o=yes
lt_cv_prog_compiler_pic_works=yes
lt_cv_prog_compiler_rtti_exceptions=no
lt_cv_prog_compiler_static_works=yes
lt_cv_prog_gnu_ld=yes
lt_cv_sys_global_symbol_pipe='sed -n -e '\''s/^.*[	 ]\([ABCDGIRSTW][ABCDGIRSTW]*\)[	 ][	 ]*\([_A-Za-z][_A-Za-z0-9]*\)$/\1 \2 \2/p'\'''
lt_cv_sys_global_symbol_to_c_name_address='sed -n -e '\''s/^: \([^ ]*\) $/  {\"\1\", (void *) 0},/p'\'' -e '\''s/^[ABCDGIRSTW]* \([^ ]*\) \([^ ]*\)$/  {"\2", (void *) \&\2},/p'\'''
lt_cv_sys_global_symbol_to_c_name_address_lib_prefix='sed -n -e '\''s/^: \([^ ]*\) $/  {\"\1\", (void *) 0},/p'\'' -e '\''s/^[ABCDGIRSTW]* \([^ ]*\) \(lib[^ ]*\)$/  {"\2", (void *) \&\2},/p'\'' -e '\''s/^[ABCDGIRSTW]* \([^ ]*\) \([^ ]*\)$/  {"lib\2", (void *) \&\2},/p'\'''
lt_cv_sys_global_symbol_to_cdecl='sed -n -e '\''s/^T .* \(.*\)$/extern int \1();/p'\'' -e '\''s/^[ABCDGIRSTW]* .* \(.*\)$/extern char \1;/p'\'''
lt_cv_sys_max_cmd_len=8192
pkg_cv_FT2_CFLAGS='-I/usr/include/freetype2 -I/usr/include/libpng16 '
pkg_cv_FT2_LIBS='-lfreetype '

## ----------------- ##
## Output variables. ##
## ----------------- ##

ACLOCAL='${SHELL} /home/Lucas/Doom-Nukem/SDL2_ttf-2.0.15/missing aclocal-1.16'
ALLOCA=''
AMDEPBACKSLASH='\'
AMDEP_FALSE='#'
AMDEP_TRUE=''
AMTAR='$${TAR-tar}'
AM_BACKSLASH='\'
AM_DEFAULT_V='$(AM_DEFAULT_VERBOSITY)'
AM_DEFAULT_VERBOSITY='1'
AM_V='$(V)'
AR='ar'
AS='as'
AUTOCONF='${SHELL} /home/Lucas/Doom-Nukem/SDL2_ttf-2.0.15/missing autoconf'
AUTOHEADER='${SHELL} /home/Lucas/Doom-Nukem/SDL2_ttf-2.0.15/missing autoheader'
AUTOMAKE='${SHELL} /home/Lucas/Doom-Nukem/SDL2_ttf-2.0.15/missing automake-1.16'
AWK='gawk'
BINARY_AGE='15'
CC='gcc'
CCDEPMODE='depmode=gcc3'
CFLAGS='-g -O2 -I/usr/include/freetype2 -I/usr/include/libpng16  -I/usr/local/include/SDL2 -I/usr/include/mingw -Dmain=SDL_main -DHAVE_OPENGL'
CPP='gcc -E'
CPPFLAGS=''
CYGPATH_W='cygpath -w'
DEFS='-DPACKAGE_NAME=\"\" -DPACKAGE_TARNAME=\"\" -DPACKAGE_VERSION=\"\" -DPACKAGE_STRING=\"\" -DPACKAGE_BUGREPORT=\"\" -DPACKAGE_URL=\"\" -DSTDC_HEADERS=1 -DHAVE_SYS_TYPES_H=1 -DHAVE_SYS_STAT_H=1 -DHAVE_STDLIB_H=1 -DHAVE_STRING_H=1 -DHAVE_MEMORY_H=1 -DHAVE_STRINGS_H=1 -DHAVE_INTTYPES_H=1 -DHAVE_STDINT_H=1 -DHAVE_UNISTD_H=1 -DHAVE_DLFCN_H=1 -DLT_OBJDIR=\".libs/\" -DPACKAGE=\"SDL2_ttf\" -DVERSION=\"2.0.15\"'
DEPDIR='.deps'
DLLTOOL='dlltool'
DSYMUTIL=''
DUMPBIN=''
ECHO_C=''
ECHO_N='-n'
ECHO_T=''
EGREP='/usr/bin/grep -E'
EXEEXT='.exe'
FGREP='/usr/bin/grep -F'
FT2_CFLAGS='-I/usr/include/freetype2 -I/usr/include/libpng16 '
FT2_CONFIG=''
FT2_LIBS='-lfreetype '
GL_LIBS='-lopengl32'
GREP='/usr/bin/grep'
INSTALL_DATA='${INSTALL} -m 644'
INSTALL_PROGRAM='${INSTALL}'
INSTALL_SCRIPT='${INSTALL}'
INSTALL_STRIP_PROGRAM='$(install_sh) -c -s'
INTERFACE_AGE='1'
LD='/usr/x86_64-pc-cygwin/bin/ld.exe'
LDFLAGS=''
LIBOBJS=''
LIBS=' -lfreetype  -L/usr/local/lib -lcygwin -lSDL2main -lSDL2 -mwindows'
LIBTOOL='$(SHELL) $(top_builddir)/libtool'
LIPO=''
LN_S='ln -s'
LTLIBOBJS=''
LT_AGE='14'
LT_CURRENT='14'
LT_RELEASE='2.0'
LT_REVISION='1'
MAJOR_VERSION='2'
MAKEINFO='${SHELL} /home/Lucas/Doom-Nukem/SDL2_ttf-2.0.15/missing makeinfo'
MATHLIB=''
MICRO_VERSION='15'
MINOR_VERSION='0'
MKDIR_P='/usr/bin/mkdir -p'
NM='/usr/bin/nm -B'
NMEDIT=''
OBJDUMP='objdump'
OBJEXT='o'
OTOOL64=''
OTOOL=''
PACKAGE='SDL2_ttf'
PACKAGE_BUGREPORT=''
PACKAGE_NAME=''
PACKAGE_STRING=''
PACKAGE_TARNAME=''
PACKAGE_URL=''
PACKAGE_VERSION=''
PATH_SEPARATOR=':'
PKG_CONFIG='/usr/bin/pkg-config'
RANLIB='ranlib'
SDL2_CONFIG='/usr/local/bin/sdl2-config'
SDL_CFLAGS='-I/usr/local/include/SDL2 -I/usr/include/mingw -Dmain=SDL_main'
SDL_LIBS='-L/usr/local/lib -lcygwin -lSDL2main -lSDL2 -mwindows'
SDL_VERSION='2.0.8'
SED='/usr/bin/sed'
SET_MAKE=''
SHELL='/bin/sh'
STRIP='strip'
USE_VERSION_RC_FALSE='#'
USE_VERSION_RC_TRUE=''
VERSION='2.0.15'
WINDRES='windres'
XMKMF=''
X_CFLAGS=''
X_EXTRA_LIBS=''
X_LIBS=''
X_PRE_LIBS=''
ac_ct_CC='gcc'
ac_ct_DUMPBIN=''
am__EXEEXT_FALSE='#'
am__EXEEXT_TRUE=''
am__fastdepCC_FALSE='#'
am__fastdepCC_TRUE=''
am__include='include'
am__isrc=''
am__leading_dot='.'
am__nodep='_no'
am__quote=''
am__tar='$${TAR-tar} chof - "$$tardir"'
am__untar='$${TAR-tar} xf -'
bindir='${exec_prefix}/bin'
build='x86_64-unknown-cygwin'
build_alias=''
build_cpu='x86_64'
build_os='cygwin'
build_vendor='unknown'
datadir='${datarootdir}'
datarootdir='${prefix}/share'
docdir='${datarootdir}/doc/${PACKAGE}'
dvidir='${docdir}'
exec_prefix='${prefix}'
host='x86_64-unknown-cygwin'
host_alias=''
host_cpu='x86_64'
host_os='cygwin'
host_vendor='unknown'
htmldir='${docdir}'
includedir='${prefix}/include'
infodir='${datarootdir}/info'
install_sh='${SHELL} /home/Lucas/Doom-Nukem/SDL2_ttf-2.0.15/install-sh'
libdir='${exec_prefix}/lib'
libexecdir='${exec_prefix}/libexec'
localedir='${datarootdir}/locale'
localstatedir='${prefix}/var'
lt_ECHO='echo'
mandir='${datarootdir}/man'
mkdir_p='$(MKDIR_P)'
oldincludedir='/usr/include'
pdfdir='${docdir}'
prefix='/usr/local'
program_transform_name='s,x,x,'
psdir='${docdir}'
sbindir='${exec_prefix}/sbin'
sharedstatedir='${prefix}/com'
sysconfdir='${prefix}/etc'
target_alias=''

## ----------- ##
## confdefs.h. ##
## ----------- ##

/* confdefs.h */
#define PACKAGE_NAME ""
#define PACKAGE_TARNAME ""
#define PACKAGE_VERSION ""
#define PACKAGE_STRING ""
#define PACKAGE_BUGREPORT ""
#define PACKAGE_URL ""
#define STDC_HEADERS 1
#define HAVE_SYS_TYPES_H 1
#define HAVE_SYS_STAT_H 1
#define HAVE_STDLIB_H 1
#define HAVE_STRING_H 1
#define HAVE_MEMORY_H 1
#define HAVE_STRINGS_H 1
#define HAVE_INTTYPES_H 1
#define HAVE_STDINT_H 1
#define HAVE_UNISTD_H 1
#define HAVE_DLFCN_H 1
#define LT_OBJDIR ".libs/"
#define PACKAGE "SDL2_ttf"
#define VERSION "2.0.15"

configure: exit 0
